<?xml version="1.0" encoding="UTF-8"?>
<!-- Generated by org.testng.reporters.JUnitXMLReporter -->
<testsuite hostname="BRPC444" ignored="0" name="ChromeTests" tests="2" failures="0" timestamp="28 Aug 2017 18:29:54 GMT" time="3.812" errors="0">
  <testcase name="SRFSEntineerShownByDefaultTest" time="0.148" classname="com.dokkio.ui.testcases.QAJobDisplayTest"/>
  <testcase name="QAJobDisplayedAfterButtonClickedTest" time="0.165" classname="com.dokkio.ui.testcases.QAJobDisplayTest"/>
</testsuite> <!-- ChromeTests -->
