<?xml version="1.0" encoding="UTF-8"?>
<!-- Generated by org.testng.reporters.JUnitXMLReporter -->
<testsuite hostname="BRPC444" ignored="0" name="ChromeTests" tests="2" failures="0" timestamp="28 Aug 2017 05:15:08 GMT" time="4.466" errors="0">
  <testcase name="SRFSEntineerShownByDefaultTest" time="0.271" classname="com.dokkio.ui.testcases.QAJobDisplayTest"/>
  <testcase name="QAJobDisplayedAfterButtonClickedTest" time="0.6" classname="com.dokkio.ui.testcases.QAJobDisplayTest"/>
</testsuite> <!-- ChromeTests -->
