<?xml version="1.0" encoding="UTF-8"?>
<!-- Generated by org.testng.reporters.JUnitXMLReporter -->
<testsuite hostname="BRPC444" ignored="0" name="FireFoxTests" tests="2" failures="0" timestamp="28 Aug 2017 18:29:51 GMT" time="8.446" errors="0">
  <testcase name="SRFSEntineerShownByDefaultTest" time="0.137" classname="com.dokkio.ui.testcases.QAJobDisplayTest"/>
  <testcase name="QAJobDisplayedAfterButtonClickedTest" time="0.135" classname="com.dokkio.ui.testcases.QAJobDisplayTest"/>
</testsuite> <!-- FireFoxTests -->
