<?xml version="1.0" encoding="UTF-8"?>
<testng-results skipped="0" failed="0" ignored="0" total="4" passed="4">
  <reporter-output>
  </reporter-output>
  <suite name="DokkioTestSuite" duration-ms="12276" started-at="2017-08-28T18:29:42Z" finished-at="2017-08-28T18:29:54Z">
    <groups>
    </groups>
    <test name="FireFoxTests" duration-ms="8446" started-at="2017-08-28T18:29:42Z" finished-at="2017-08-28T18:29:51Z">
      <class name="com.dokkio.ui.testcases.QAJobDisplayTest">
        <test-method status="PASS" signature="SetUp(java.lang.String)[pri:0, instance:com.dokkio.ui.testcases.QAJobDisplayTest@59494225]" name="SetUp" is-config="true" duration-ms="4849" started-at="2017-08-28T11:29:42Z" finished-at="2017-08-28T11:29:47Z">
          <params>
            <param index="0">
              <value>
                <![CDATA[FireFox]]>
              </value>
            </param>
          </params>
          <reporter-output>
          </reporter-output>
        </test-method> <!-- SetUp -->
        <test-method status="PASS" signature="SRFSEntineerShownByDefaultTest()[pri:1, instance:com.dokkio.ui.testcases.QAJobDisplayTest@59494225]" name="SRFSEntineerShownByDefaultTest" duration-ms="137" started-at="2017-08-28T11:29:47Z" finished-at="2017-08-28T11:29:47Z">
          <reporter-output>
          </reporter-output>
        </test-method> <!-- SRFSEntineerShownByDefaultTest -->
        <test-method status="PASS" signature="QAJobDisplayedAfterButtonClickedTest()[pri:2, instance:com.dokkio.ui.testcases.QAJobDisplayTest@59494225]" name="QAJobDisplayedAfterButtonClickedTest" duration-ms="135" started-at="2017-08-28T11:29:47Z" finished-at="2017-08-28T11:29:47Z">
          <reporter-output>
          </reporter-output>
        </test-method> <!-- QAJobDisplayedAfterButtonClickedTest -->
        <test-method status="PASS" signature="TearDown()[pri:0, instance:com.dokkio.ui.testcases.QAJobDisplayTest@59494225]" name="TearDown" is-config="true" duration-ms="3307" started-at="2017-08-28T11:29:47Z" finished-at="2017-08-28T11:29:51Z">
          <reporter-output>
          </reporter-output>
        </test-method> <!-- TearDown -->
      </class> <!-- com.dokkio.ui.testcases.QAJobDisplayTest -->
    </test> <!-- FireFoxTests -->
    <test name="ChromeTests" duration-ms="3812" started-at="2017-08-28T18:29:51Z" finished-at="2017-08-28T18:29:54Z">
      <class name="com.dokkio.ui.testcases.QAJobDisplayTest">
        <test-method status="PASS" signature="SetUp(java.lang.String)[pri:0, instance:com.dokkio.ui.testcases.QAJobDisplayTest@60c6f5b]" name="SetUp" is-config="true" duration-ms="2959" started-at="2017-08-28T11:29:51Z" finished-at="2017-08-28T11:29:54Z">
          <params>
            <param index="0">
              <value>
                <![CDATA[Chrome]]>
              </value>
            </param>
          </params>
          <reporter-output>
          </reporter-output>
        </test-method> <!-- SetUp -->
        <test-method status="PASS" signature="SRFSEntineerShownByDefaultTest()[pri:1, instance:com.dokkio.ui.testcases.QAJobDisplayTest@60c6f5b]" name="SRFSEntineerShownByDefaultTest" duration-ms="148" started-at="2017-08-28T11:29:54Z" finished-at="2017-08-28T11:29:54Z">
          <reporter-output>
          </reporter-output>
        </test-method> <!-- SRFSEntineerShownByDefaultTest -->
        <test-method status="PASS" signature="QAJobDisplayedAfterButtonClickedTest()[pri:2, instance:com.dokkio.ui.testcases.QAJobDisplayTest@60c6f5b]" name="QAJobDisplayedAfterButtonClickedTest" duration-ms="165" started-at="2017-08-28T11:29:54Z" finished-at="2017-08-28T11:29:54Z">
          <reporter-output>
          </reporter-output>
        </test-method> <!-- QAJobDisplayedAfterButtonClickedTest -->
        <test-method status="PASS" signature="TearDown()[pri:0, instance:com.dokkio.ui.testcases.QAJobDisplayTest@60c6f5b]" name="TearDown" is-config="true" duration-ms="536" started-at="2017-08-28T11:29:54Z" finished-at="2017-08-28T11:29:54Z">
          <reporter-output>
          </reporter-output>
        </test-method> <!-- TearDown -->
      </class> <!-- com.dokkio.ui.testcases.QAJobDisplayTest -->
    </test> <!-- ChromeTests -->
  </suite> <!-- DokkioTestSuite -->
</testng-results>
